<?xml version="1.0" encoding="UTF-8"?>
<!-- Generated by org.testng.reporters.JUnitReportReporter -->
<testsuite skipped="0" hostname="DESKTOP-68J3LRG" name="com.capg.testcases.AddCustomerTest" tests="4" failures="0" timestamp="22 Jun 2020 10:36:21 GMT" time="38.947" errors="0">
  <testcase name="addCustomerTest" time="9.699" classname="com.capg.testcases.AddCustomerTest"/>
  <testcase name="addCustomerTest" time="9.625" classname="com.capg.testcases.AddCustomerTest"/>
  <testcase name="addCustomerTest" time="9.800" classname="com.capg.testcases.AddCustomerTest"/>
  <testcase name="addCustomerTest" time="9.823" classname="com.capg.testcases.AddCustomerTest"/>
</testsuite> <!-- com.capg.testcases.AddCustomerTest -->
