<?xml version="1.0" encoding="UTF-8"?>
<!-- Generated by org.testng.reporters.JUnitReportReporter -->
<testsuite skipped="0" hostname="DESKTOP-68J3LRG" name="com.capg.testcases.BankManagerLoginTest" tests="1" failures="0" timestamp="22 Jun 2020 10:36:21 GMT" time="5.411" errors="0">
  <testcase name="loginasBankManager" time="5.411" classname="com.capg.testcases.BankManagerLoginTest"/>
</testsuite> <!-- com.capg.testcases.BankManagerLoginTest -->
