<?xml version="1.0" encoding="UTF-8"?>
<!-- Generated by org.testng.reporters.JUnitReportReporter -->
<testsuite skipped="0" hostname="DESKTOP-68J3LRG" name="com.capg.testcases.OpenAccountTest" tests="1" failures="0" timestamp="22 Jun 2020 10:36:21 GMT" time="1.722" errors="0">
  <testcase name="openAccountTest" time="1.722" classname="com.capg.testcases.OpenAccountTest"/>
</testsuite> <!-- com.capg.testcases.OpenAccountTest -->
