<?xml version="1.0" encoding="UTF-8"?>
<!-- Generated by org.testng.reporters.JUnitReportReporter -->
<testsuite skipped="0" hostname="DESKTOP-68J3LRG" name="com.capg.testcases.LoginTest" tests="1" failures="0" timestamp="13 Jun 2020 14:30:11 GMT" time="5.136" errors="0">
  <testcase name="loginasBankManager" time="5.136" classname="com.capg.testcases.LoginTest"/>
</testsuite> <!-- com.capg.testcases.LoginTest -->
