<?xml version="1.0" encoding="UTF-8"?>
<!-- Generated by org.testng.reporters.JUnitReportReporter -->
<testsuite skipped="0" hostname="DESKTOP-68J3LRG" name="com.capg.testcases.OpenAccountTest" tests="1" failures="0" timestamp="22 Jun 2020 11:29:26 GMT" time="10.679" errors="0">
  <testcase name="openAccountTest" time="10.679" classname="com.capg.testcases.OpenAccountTest"/>
</testsuite> <!-- com.capg.testcases.OpenAccountTest -->
