<?xml version="1.0" encoding="UTF-8"?>
<!-- Generated by org.testng.reporters.JUnitReportReporter -->
<testsuite skipped="0" hostname="DESKTOP-68J3LRG" name="com.capg.testcases.AddCustomerTest" tests="4" failures="0" timestamp="22 Jun 2020 11:29:26 GMT" time="37.506" errors="0">
  <testcase name="addCustomerTest" time="9.320" classname="com.capg.testcases.AddCustomerTest"/>
  <testcase name="addCustomerTest" time="9.558" classname="com.capg.testcases.AddCustomerTest"/>
  <testcase name="addCustomerTest" time="9.331" classname="com.capg.testcases.AddCustomerTest"/>
  <testcase name="addCustomerTest" time="9.297" classname="com.capg.testcases.AddCustomerTest"/>
</testsuite> <!-- com.capg.testcases.AddCustomerTest -->
